[SMC FNE]transforming net.minecraft.client.Minecraft net.minecraft.client.Minecraft
[SMC FNE] 80073 (+0)
[SMC FNE]transforming net.minecraft.block.Block net.minecraft.block.Block
[SMC FNE] 69405 (+0)
[SMC FNE]transforming net.minecraft.item.ItemBlock net.minecraft.item.ItemBlock
[SMC FNE] 6410 (+0)
[SMC FNE]transforming net.minecraft.client.renderer.OpenGlHelper net.minecraft.client.renderer.OpenGlHelper
[SMC FNE] 15994 (+0)
[SMC FNE]transforming net.minecraft.client.renderer.texture.DynamicTexture net.minecraft.client.renderer.texture.DynamicTexture
[SMC FNE] 1731 (+2)
[SMC FNE]transforming net.minecraft.client.renderer.texture.AbstractTexture net.minecraft.client.renderer.texture.AbstractTexture
[SMC FNE] 1311 (+284)
[SMC FNE]transforming net.minecraft.client.renderer.texture.ITextureObject net.minecraft.client.renderer.texture.ITextureObject
[SMC FNE] 500 (+63)
[SMC FNE]transforming net.minecraft.client.renderer.entity.Render net.minecraft.client.renderer.entity.Render
[SMC FNE] 11875 (+0)
[SMC FNE]transforming net.minecraft.client.renderer.RenderBlocks net.minecraft.client.renderer.RenderBlocks
[SMC FNE] 152151 (+0)
[SMC FNE]transforming net.minecraft.client.renderer.texture.TextureManager net.minecraft.client.renderer.texture.TextureManager
[SMC FNE] 7718 (+0)
[SMC FNE]transforming net.minecraft.client.renderer.texture.SimpleTexture net.minecraft.client.renderer.texture.SimpleTexture
[SMC FNE] 3242 (+0)
[SMC FNE]transforming net.minecraft.client.renderer.entity.RenderManager net.minecraft.client.renderer.entity.RenderManager
[SMC FNE] 17772 (+0)
[SMC FNE]transforming net.minecraft.client.renderer.entity.RenderSpider net.minecraft.client.renderer.entity.RenderSpider
[SMC FNE] 2904 (+0)
[SMC FNE]transforming net.minecraft.client.renderer.entity.RendererLivingEntity net.minecraft.client.renderer.entity.RendererLivingEntity
[SMC FNE] 15876 (+0)
[SMC FNE]transforming net.minecraft.client.model.ModelRenderer net.minecraft.client.model.ModelRenderer
[SMC FNE] 6809 (+255)
[SMC FNE]transforming net.minecraft.client.renderer.entity.RenderEnderman net.minecraft.client.renderer.entity.RenderEnderman
[SMC FNE] 5466 (+0)
[SMC FNE]transforming net.minecraft.client.renderer.entity.RenderDragon net.minecraft.client.renderer.entity.RenderDragon
[SMC FNE] 9066 (+0)
[SMC FNE]transforming net.minecraft.client.renderer.tileentity.RenderItemFrame net.minecraft.client.renderer.tileentity.RenderItemFrame
[SMC FNE] 11974 (+103)
[SMC FNE]transforming net.minecraft.client.renderer.ItemRenderer net.minecraft.client.renderer.ItemRenderer
[SMC FNR]  patch method net/minecraft/client/renderer/ItemRenderer.renderItem(Lnet/minecraft/entity/EntityLivingBase;Lnet/minecraft/item/ItemStack;ILnet/minecraftforge/client/IItemRenderer$ItemRenderType;)V
[SMC FNE] 20451 (+76)
[SMC FNE]transforming net.minecraft.client.renderer.EntityRenderer net.minecraft.client.renderer.EntityRenderer
[SMC FNE] 46928 (+0)
[SMC FNE]transforming net.minecraft.client.renderer.RenderGlobal net.minecraft.client.renderer.RenderGlobal
[SMC FNR]  patch method net/minecraft/client/renderer/RenderGlobal.drawBlockDamageTexture(Lnet/minecraft/client/renderer/Tessellator;Lnet/minecraft/entity/player/EntityPlayer;F)V
[SMC FNR]  patch method net/minecraft/client/renderer/RenderGlobal.drawBlockDamageTexture(Lnet/minecraft/client/renderer/Tessellator;Lnet/minecraft/entity/EntityLivingBase;F)V
[SMC FNE] 60453 (+115)
[SMC FNE]transforming net.minecraft.client.renderer.Tessellator net.minecraft.client.renderer.Tessellator
[SMC FNE] 9716 (+124)
